Using pre-set license
Built from '2020.3/staging' branch; Version is '2020.3.43f1 (75bff06b76bf) revision 7716848'; Using compiler version '192528614'; Build Type 'Release'
OS: 'Windows 11  (10.0.22631) 64bit Professional' Language: 'en' Physical Memory: 16131 MB
BatchMode: 1, IsHumanControllingUs: 0, StartBugReporterOnCrash: 0, Is64bit: 1, IsPro: 0

COMMAND LINE ARGUMENTS:
C:\Program Files\Unity\Hub\Editor\2020.3.43f1\Editor\Unity.exe
-adb2
-batchMode
-noUpm
-name
AssetImportWorker0
-projectPath
C:/Users/THINKPAD/NEAT Invaders
-logFile
Logs/AssetImportWorker0.log
-srvPort
58691
Successfully changed project path to: C:/Users/THINKPAD/NEAT Invaders
C:/Users/THINKPAD/NEAT Invaders
Using Asset Import Pipeline V2.
Refreshing native plugins compatible for Editor in 60.14 ms, found 3 plugins.
Preloading 0 native plugins for Editor in 0.00 ms.
Initialize engine version: 2020.3.43f1 (75bff06b76bf)
[Subsystems] Discovering subsystems at path C:/Program Files/Unity/Hub/Editor/2020.3.43f1/Editor/Data/Resources/UnitySubsystems
[Subsystems] Discovering subsystems at path C:/Users/THINKPAD/NEAT Invaders/Assets
GfxDevice: creating device client; threaded=0
Direct3D:
    Version:  Direct3D 11.0 [level 11.1]
    Renderer: NVIDIA Quadro P520 (ID=0x1d34)
    Vendor:   
    VRAM:     1982 MB
    Driver:   31.0.15.3779
Initialize mono
Mono path[0] = 'C:/Program Files/Unity/Hub/Editor/2020.3.43f1/Editor/Data/Managed'
Mono path[1] = 'C:/Program Files/Unity/Hub/Editor/2020.3.43f1/Editor/Data/MonoBleedingEdge/lib/mono/unityjit'
Mono config path = 'C:/Program Files/Unity/Hub/Editor/2020.3.43f1/Editor/Data/MonoBleedingEdge/etc'
Using monoOptions --debugger-agent=transport=dt_socket,embedding=1,server=y,suspend=n,address=127.0.0.1:56936
Begin MonoManager ReloadAssembly
Registering precompiled unity dll's ...
Register platform support module: C:/Program Files/Unity/Hub/Editor/2020.3.43f1/Editor/Data/PlaybackEngines/WebGLSupport/UnityEditor.WebGL.Extensions.dll
Register platform support module: C:/Program Files/Unity/Hub/Editor/2020.3.43f1/Editor/Data/PlaybackEngines/WindowsStandaloneSupport/UnityEditor.WindowsStandalone.Extensions.dll
Registered in 0.001480 seconds.
Native extension for WindowsStandalone target not found
Native extension for WebGL target not found
Refreshing native plugins compatible for Editor in 51.58 ms, found 3 plugins.
Preloading 0 native plugins for Editor in 0.00 ms.
Mono: successfully reloaded assembly
- Completed reload, in  0.736 seconds
Domain Reload Profiling:
	ReloadAssembly (736ms)
		BeginReloadAssembly (78ms)
			ExecutionOrderSort (0ms)
			DisableScriptedObjects (0ms)
			BackupInstance (0ms)
			ReleaseScriptingObjects (0ms)
			CreateAndSetChildDomain (1ms)
		EndReloadAssembly (571ms)
			LoadAssemblies (79ms)
			RebuildTransferFunctionScriptingTraits (0ms)
			SetupTypeCache (226ms)
			ReleaseScriptCaches (0ms)
			RebuildScriptCaches (33ms)
			SetupLoadedEditorAssemblies (193ms)
				LogAssemblyErrors (0ms)
				InitializePlatformSupportModulesInManaged (5ms)
				SetLoadedEditorAssemblies (1ms)
				RefreshPlugins (52ms)
				BeforeProcessingInitializeOnLoad (16ms)
				ProcessInitializeOnLoadAttributes (85ms)
				ProcessInitializeOnLoadMethodAttributes (34ms)
				AfterProcessingInitializeOnLoad (0ms)
				EditorAssembliesLoaded (0ms)
			ExecutionOrderSort2 (0ms)
			AwakeInstancesAfterBackupRestoration (0ms)
Platform modules already initialized, skipping
Registering precompiled user dll's ...
Registered in 0.002889 seconds.
Begin MonoManager ReloadAssembly
Native extension for WindowsStandalone target not found
Native extension for WebGL target not found
Refreshing native plugins compatible for Editor in 54.48 ms, found 3 plugins.
Preloading 0 native plugins for Editor in 0.00 ms.
Mono: successfully reloaded assembly
- Completed reload, in  1.385 seconds
Domain Reload Profiling:
	ReloadAssembly (1386ms)
		BeginReloadAssembly (154ms)
			ExecutionOrderSort (0ms)
			DisableScriptedObjects (6ms)
			BackupInstance (0ms)
			ReleaseScriptingObjects (0ms)
			CreateAndSetChildDomain (20ms)
		EndReloadAssembly (1172ms)
			LoadAssemblies (100ms)
			RebuildTransferFunctionScriptingTraits (0ms)
			SetupTypeCache (371ms)
			ReleaseScriptCaches (1ms)
			RebuildScriptCaches (53ms)
			SetupLoadedEditorAssemblies (518ms)
				LogAssemblyErrors (0ms)
				InitializePlatformSupportModulesInManaged (4ms)
				SetLoadedEditorAssemblies (0ms)
				RefreshPlugins (55ms)
				BeforeProcessingInitializeOnLoad (93ms)
				ProcessInitializeOnLoadAttributes (338ms)
				ProcessInitializeOnLoadMethodAttributes (23ms)
				AfterProcessingInitializeOnLoad (4ms)
				EditorAssembliesLoaded (0ms)
			ExecutionOrderSort2 (0ms)
			AwakeInstancesAfterBackupRestoration (3ms)
Platform modules already initialized, skipping
========================================================================
Worker process is ready to serve import requests
Launched and connected shader compiler UnityShaderCompiler.exe after 0.05 seconds
Refreshing native plugins compatible for Editor in 0.50 ms, found 3 plugins.
Preloading 0 native plugins for Editor in 0.00 ms.
Unloading 2203 Unused Serialized files (Serialized files now loaded: 0)
System memory in use before: 97.2 MB.
System memory in use after: 97.1 MB.

Unloading 31 unused Assets to reduce memory usage. Loaded Objects now: 2638.
Total: 3.410500 ms (FindLiveObjects: 0.172500 ms CreateObjectMapping: 0.078300 ms MarkObjects: 3.002200 ms  DeleteObjects: 0.156600 ms)

AssetImportParameters requested are different than current active one (requested -> active):
  custom:framework-win-MediaFoundation: 216162199b28c13a410421893ffa2e32 -> 
  custom:video-decoder-ogg-theora: a1e56fd34408186e4bbccfd4996cb3dc -> 
  custom:container-muxer-webm: aa71ff27fc2769a1b78a27578f13a17b -> 
  custom:container-demuxer-webm: 4f35f7cbe854078d1ac9338744f61a02 -> 
  custom:container-demuxer-ogg: 62fdf1f143b41e24485cea50d1cbac27 -> 
  custom:video-encoder-webm-vp8: eb34c28f22e8b96e1ab97ce403110664 -> 
  custom:video-decoder-webm-vp8: 9c59270c3fd7afecdb556c50c9e8de78 -> 
  custom:audio-decoder-ogg-vorbis: bf7c407c2cedff20999df2af8eb42d56 -> 
  custom:audio-encoder-webm-vorbis: bf7c407c2cedff20999df2af8eb42d56 -> 
========================================================================
Received Import Request.
  path: Assets/Scenes/Ai Training scene.unity
  artifactKey: Guid(cf324e8832253154eb0507abf373453f) Importer(815301076,1909f56bfc062723c751e8b465ee728b)
Start importing Assets/Scenes/Ai Training scene.unity using Guid(cf324e8832253154eb0507abf373453f) Importer(815301076,1909f56bfc062723c751e8b465ee728b)  -> (artifact id: '0547293ad5e30159f82dd90b99adcda0') in 0.014418 seconds 
========================================================================
Received Import Request.
  Time since last request: 296.032563 seconds.
  path: Assets/Scenes/Solo Player.unity
  artifactKey: Guid(2cda990e2423bbf4892e6590ba056729) Importer(815301076,1909f56bfc062723c751e8b465ee728b)
Start importing Assets/Scenes/Solo Player.unity using Guid(2cda990e2423bbf4892e6590ba056729) Importer(815301076,1909f56bfc062723c751e8b465ee728b)  -> (artifact id: '0aa53ccb7a415b92d8b69bafd18ff2c0') in 0.040827 seconds 
========================================================================
Received Import Request.
  Time since last request: 55.303739 seconds.
  path: Assets/AbstractLifeManager.cs
  artifactKey: Guid(9317ec9fcc8181149b98d83fb004dc91) Importer(815301076,1909f56bfc062723c751e8b465ee728b)
Start importing Assets/AbstractLifeManager.cs using Guid(9317ec9fcc8181149b98d83fb004dc91) Importer(815301076,1909f56bfc062723c751e8b465ee728b)  -> (artifact id: 'f7ed84da035a1d37b951b759770d017b') in 0.051931 seconds 
========================================================================
Received Prepare
Registering precompiled user dll's ...
Registered in 0.015255 seconds.
Begin MonoManager ReloadAssembly
Native extension for WindowsStandalone target not found
Native extension for WebGL target not found
Refreshing native plugins compatible for Editor in 3.63 ms, found 3 plugins.
Preloading 0 native plugins for Editor in 0.00 ms.
Mono: successfully reloaded assembly
- Completed reload, in  5.473 seconds
Domain Reload Profiling:
	ReloadAssembly (5475ms)
		BeginReloadAssembly (1398ms)
			ExecutionOrderSort (0ms)
			DisableScriptedObjects (237ms)
			BackupInstance (0ms)
			ReleaseScriptingObjects (0ms)
			CreateAndSetChildDomain (235ms)
		EndReloadAssembly (3591ms)
			LoadAssemblies (736ms)
			RebuildTransferFunctionScriptingTraits (0ms)
			SetupTypeCache (1374ms)
			ReleaseScriptCaches (2ms)
			RebuildScriptCaches (250ms)
			SetupLoadedEditorAssemblies (928ms)
				LogAssemblyErrors (0ms)
				InitializePlatformSupportModulesInManaged (20ms)
				SetLoadedEditorAssemblies (1ms)
				RefreshPlugins (4ms)
				BeforeProcessingInitializeOnLoad (250ms)
				ProcessInitializeOnLoadAttributes (576ms)
				ProcessInitializeOnLoadMethodAttributes (61ms)
				AfterProcessingInitializeOnLoad (16ms)
				EditorAssembliesLoaded (0ms)
			ExecutionOrderSort2 (0ms)
			AwakeInstancesAfterBackupRestoration (13ms)
Platform modules already initialized, skipping
Refreshing native plugins compatible for Editor in 1.11 ms, found 3 plugins.
Preloading 0 native plugins for Editor in 0.00 ms.
Unloading 2199 Unused Serialized files (Serialized files now loaded: 0)
System memory in use before: 97.2 MB.
System memory in use after: 97.2 MB.

Unloading 20 unused Assets to reduce memory usage. Loaded Objects now: 2642.
Total: 13.096600 ms (FindLiveObjects: 0.664500 ms CreateObjectMapping: 0.543900 ms MarkObjects: 11.502700 ms  DeleteObjects: 0.382400 ms)

AssetImportParameters requested are different than current active one (requested -> active):
  custom:framework-win-MediaFoundation: 216162199b28c13a410421893ffa2e32 -> 
  custom:video-decoder-ogg-theora: a1e56fd34408186e4bbccfd4996cb3dc -> 
  custom:container-muxer-webm: aa71ff27fc2769a1b78a27578f13a17b -> 
  custom:container-demuxer-webm: 4f35f7cbe854078d1ac9338744f61a02 -> 
  custom:container-demuxer-ogg: 62fdf1f143b41e24485cea50d1cbac27 -> 
  custom:video-encoder-webm-vp8: eb34c28f22e8b96e1ab97ce403110664 -> 
  custom:video-decoder-webm-vp8: 9c59270c3fd7afecdb556c50c9e8de78 -> 
  custom:audio-decoder-ogg-vorbis: bf7c407c2cedff20999df2af8eb42d56 -> 
  custom:audio-encoder-webm-vorbis: bf7c407c2cedff20999df2af8eb42d56 -> 
========================================================================
Received Import Request.
  Time since last request: 85.692743 seconds.
  path: Assets/AbstractLifeManager.cs
  artifactKey: Guid(9317ec9fcc8181149b98d83fb004dc91) Importer(815301076,1909f56bfc062723c751e8b465ee728b)
Start importing Assets/AbstractLifeManager.cs using Guid(9317ec9fcc8181149b98d83fb004dc91) Importer(815301076,1909f56bfc062723c751e8b465ee728b)  -> (artifact id: 'ee411d64260ffd30510c939b0bcef065') in 0.009298 seconds 
========================================================================
Received Import Request.
  Time since last request: 3.483351 seconds.
  path: Assets/AbstractLifeManager.cs
  artifactKey: Guid(9317ec9fcc8181149b98d83fb004dc91) Importer(815301076,1909f56bfc062723c751e8b465ee728b)
Start importing Assets/AbstractLifeManager.cs using Guid(9317ec9fcc8181149b98d83fb004dc91) Importer(815301076,1909f56bfc062723c751e8b465ee728b)  -> (artifact id: '4aae6fa55b1f92651b068d1f125ea9be') in 0.009636 seconds 
========================================================================
Received Import Request.
  Time since last request: 505.013345 seconds.
  path: Assets/Prefabs/Game Instance.prefab
  artifactKey: Guid(42064b2d48211074e891c6b2f97fb428) Importer(815301076,1909f56bfc062723c751e8b465ee728b)
Start importing Assets/Prefabs/Game Instance.prefab using Guid(42064b2d48211074e891c6b2f97fb428) Importer(815301076,1909f56bfc062723c751e8b465ee728b)  -> (artifact id: 'ae6ce39511390a15ceee0d94daa7d0d6') in 0.395436 seconds 
========================================================================
Received Import Request.
  Time since last request: 2493.772496 seconds.
  path: Assets/NEAT PROJECT
  artifactKey: Guid(4d06dbbe66506ae4a8fb952ca5128f9a) Importer(815301076,1909f56bfc062723c751e8b465ee728b)
Start importing Assets/NEAT PROJECT using Guid(4d06dbbe66506ae4a8fb952ca5128f9a) Importer(815301076,1909f56bfc062723c751e8b465ee728b)  -> (artifact id: '6f8c2d6ead8239398900987fa2480b46') in 0.010269 seconds 
========================================================================
Received Import Request.
  Time since last request: 20.600653 seconds.
  path: Assets/UnitySharpNEAT-main
  artifactKey: Guid(2ef5460d8135d89408ccc7cc6b0a71bd) Importer(815301076,1909f56bfc062723c751e8b465ee728b)
Start importing Assets/UnitySharpNEAT-main using Guid(2ef5460d8135d89408ccc7cc6b0a71bd) Importer(815301076,1909f56bfc062723c751e8b465ee728b)  -> (artifact id: '17b67402e8f932d01be77c0a89a7993e') in 0.020762 seconds 
========================================================================
Received Import Request.
  Time since last request: 8065.011460 seconds.
  path: Assets/UnitySharpNEAT-main/README.md
  artifactKey: Guid(e01521325198a444189c700cfa188b91) Importer(815301076,1909f56bfc062723c751e8b465ee728b)
Start importing Assets/UnitySharpNEAT-main/README.md using Guid(e01521325198a444189c700cfa188b91) Importer(815301076,1909f56bfc062723c751e8b465ee728b)  -> (artifact id: '120a2eeb5eb3b24819e5319d000f05ee') in 0.113631 seconds 
AssetImportWorkerClient::OnTransportError - code=2 error=End of file
